Build started 12/23/2014 7:25:42 PM.
     1>Project "C:\Users\mapa\Desktop\Projects\BalloonRide\cocos\platform\wp8-xaml\CopyTemplateFiles.vcxproj" on node 5 (Rebuild target(s)).
     1>PostBuildEvent:
         echo "Copying WP8-XAML CPP template files"
         xcopy "xaml\App.xaml" "..\..\..\templates\cpp-template-default\proj.wp8-xaml\App\*" /eiycq
         xcopy "xaml\App.xaml.cs" "..\..\..\templates\cpp-template-default\proj.wp8-xaml\App\*" /eiycq
         xcopy "xaml\MainPage.xaml" "..\..\..\templates\cpp-template-default\proj.wp8-xaml\App\*" /eiycq
         xcopy "xaml\MainPage.xaml.cs" "..\..\..\templates\cpp-template-default\proj.wp8-xaml\App\*" /eiycq
         xcopy "xaml\EditBox.xaml" "..\..\..\templates\cpp-template-default\proj.wp8-xaml\App\*" /eiycq
         xcopy "xaml\EditBox.xaml.cs" "..\..\..\templates\cpp-template-default\proj.wp8-xaml\App\*" /eiycq
         xcopy "cpp" "..\..\..\templates\cpp-template-default\proj.wp8-xaml\AppComponent\src\" /eiycq
         :VCEnd
         "Copying WP8-XAML CPP template files"
         1 File(s) copied
         1 File(s) copied
         1 File(s) copied
         1 File(s) copied
         1 File(s) copied
         1 File(s) copied
         11 File(s) copied
     1>Done Building Project "C:\Users\mapa\Desktop\Projects\BalloonRide\cocos\platform\wp8-xaml\CopyTemplateFiles.vcxproj" (Rebuild target(s)).

Build succeeded.

Time Elapsed 00:00:00.71
