c:\users\mapa\desktop\balloonride\balloonride\cocos\editor-support\spine\proj.wp8\debug\skeletonanimation.obj
c:\users\mapa\desktop\balloonride\balloonride\cocos\editor-support\spine\proj.wp8\debug\polygonbatch.obj
c:\users\mapa\desktop\balloonride\balloonride\cocos\editor-support\spine\proj.wp8\debug\skeletonrenderer.obj
c:\users\mapa\desktop\balloonride\balloonride\cocos\editor-support\spine\proj.wp8\debug\spine-cocos2dx.obj
c:\users\mapa\desktop\balloonride\balloonride\cpp-empty-test\proj-wp8-xaml\debug\libspine\libspine.lib
c:\users\mapa\desktop\balloonride\balloonride\cocos\editor-support\spine\proj.wp8\debug\animation.obj
c:\users\mapa\desktop\balloonride\balloonride\cocos\editor-support\spine\proj.wp8\debug\animationstate.obj
c:\users\mapa\desktop\balloonride\balloonride\cocos\editor-support\spine\proj.wp8\debug\animationstatedata.obj
c:\users\mapa\desktop\balloonride\balloonride\cocos\editor-support\spine\proj.wp8\debug\atlas.obj
c:\users\mapa\desktop\balloonride\balloonride\cocos\editor-support\spine\proj.wp8\debug\atlasattachmentloader.obj
c:\users\mapa\desktop\balloonride\balloonride\cocos\editor-support\spine\proj.wp8\debug\attachment.obj
c:\users\mapa\desktop\balloonride\balloonride\cocos\editor-support\spine\proj.wp8\debug\attachmentloader.obj
c:\users\mapa\desktop\balloonride\balloonride\cocos\editor-support\spine\proj.wp8\debug\bone.obj
c:\users\mapa\desktop\balloonride\balloonride\cocos\editor-support\spine\proj.wp8\debug\bonedata.obj
c:\users\mapa\desktop\balloonride\balloonride\cocos\editor-support\spine\proj.wp8\debug\boundingboxattachment.obj
c:\users\mapa\desktop\balloonride\balloonride\cocos\editor-support\spine\proj.wp8\debug\event.obj
c:\users\mapa\desktop\balloonride\balloonride\cocos\editor-support\spine\proj.wp8\debug\eventdata.obj
c:\users\mapa\desktop\balloonride\balloonride\cocos\editor-support\spine\proj.wp8\debug\extension.obj
c:\users\mapa\desktop\balloonride\balloonride\cocos\editor-support\spine\proj.wp8\debug\ikconstraint.obj
c:\users\mapa\desktop\balloonride\balloonride\cocos\editor-support\spine\proj.wp8\debug\ikconstraintdata.obj
c:\users\mapa\desktop\balloonride\balloonride\cocos\editor-support\spine\proj.wp8\debug\json.obj
c:\users\mapa\desktop\balloonride\balloonride\cocos\editor-support\spine\proj.wp8\debug\meshattachment.obj
c:\users\mapa\desktop\balloonride\balloonride\cocos\editor-support\spine\proj.wp8\debug\regionattachment.obj
c:\users\mapa\desktop\balloonride\balloonride\cocos\editor-support\spine\proj.wp8\debug\skeleton.obj
c:\users\mapa\desktop\balloonride\balloonride\cocos\editor-support\spine\proj.wp8\debug\skeletonbounds.obj
c:\users\mapa\desktop\balloonride\balloonride\cocos\editor-support\spine\proj.wp8\debug\skeletondata.obj
c:\users\mapa\desktop\balloonride\balloonride\cocos\editor-support\spine\proj.wp8\debug\skeletonjson.obj
c:\users\mapa\desktop\balloonride\balloonride\cocos\editor-support\spine\proj.wp8\debug\skin.obj
c:\users\mapa\desktop\balloonride\balloonride\cocos\editor-support\spine\proj.wp8\debug\skinnedmeshattachment.obj
c:\users\mapa\desktop\balloonride\balloonride\cocos\editor-support\spine\proj.wp8\debug\slot.obj
c:\users\mapa\desktop\balloonride\balloonride\cocos\editor-support\spine\proj.wp8\debug\slotdata.obj
c:\users\mapa\desktop\balloonride\balloonride\cocos\editor-support\spine\proj.wp8\debug\cl.10228.read.1.tlog
c:\users\mapa\desktop\balloonride\balloonride\cocos\editor-support\spine\proj.wp8\debug\cl.10228.write.1.tlog
c:\users\mapa\desktop\balloonride\balloonride\cocos\editor-support\spine\proj.wp8\debug\cl.10736.read.1.tlog
c:\users\mapa\desktop\balloonride\balloonride\cocos\editor-support\spine\proj.wp8\debug\cl.10736.write.1.tlog
c:\users\mapa\desktop\balloonride\balloonride\cocos\editor-support\spine\proj.wp8\debug\cl.14304.read.1.tlog
c:\users\mapa\desktop\balloonride\balloonride\cocos\editor-support\spine\proj.wp8\debug\cl.14304.write.1.tlog
c:\users\mapa\desktop\balloonride\balloonride\cocos\editor-support\spine\proj.wp8\debug\cl.2476.read.1.tlog
c:\users\mapa\desktop\balloonride\balloonride\cocos\editor-support\spine\proj.wp8\debug\cl.2476.write.1.tlog
c:\users\mapa\desktop\balloonride\balloonride\cocos\editor-support\spine\proj.wp8\debug\cl.6004.read.1.tlog
c:\users\mapa\desktop\balloonride\balloonride\cocos\editor-support\spine\proj.wp8\debug\cl.6004.write.1.tlog
c:\users\mapa\desktop\balloonride\balloonride\cocos\editor-support\spine\proj.wp8\debug\cl.6208.read.1.tlog
c:\users\mapa\desktop\balloonride\balloonride\cocos\editor-support\spine\proj.wp8\debug\cl.6208.write.1.tlog
c:\users\mapa\desktop\balloonride\balloonride\cocos\editor-support\spine\proj.wp8\debug\cl.6288.read.1.tlog
c:\users\mapa\desktop\balloonride\balloonride\cocos\editor-support\spine\proj.wp8\debug\cl.6288.write.1.tlog
c:\users\mapa\desktop\balloonride\balloonride\cocos\editor-support\spine\proj.wp8\debug\cl.8336.read.1.tlog
c:\users\mapa\desktop\balloonride\balloonride\cocos\editor-support\spine\proj.wp8\debug\cl.8336.write.1.tlog
c:\users\mapa\desktop\balloonride\balloonride\cocos\editor-support\spine\proj.wp8\debug\cl.command.1.tlog
c:\users\mapa\desktop\balloonride\balloonride\cocos\editor-support\spine\proj.wp8\debug\cl.read.1.tlog
c:\users\mapa\desktop\balloonride\balloonride\cocos\editor-support\spine\proj.wp8\debug\cl.write.1.tlog
c:\users\mapa\desktop\balloonride\balloonride\cocos\editor-support\spine\proj.wp8\debug\lib-link.read.1.tlog
c:\users\mapa\desktop\balloonride\balloonride\cocos\editor-support\spine\proj.wp8\debug\lib-link.write.1.tlog
c:\users\mapa\desktop\balloonride\balloonride\cocos\editor-support\spine\proj.wp8\debug\lib.command.1.tlog
